[9] [127.0.0.1:54346]
GET / HTTP/1.1
Host: www.site1.fr:8080
User-Agent: Mozilla/5.0 (X11; Linux x86_64; rv:102.0) Gecko/20100101 Firefox/102.0
Accept: text/html,application/xhtml+xml,application/xml;q=0.9,image/avif,image/webp,*/*;q=0.8
Accept-Language: en-US,en;q=0.5
Accept-Encoding: gzip, deflate
Referer: http://www.site2.fr:8080/
Connection: keep-alive
Upgrade-Insecure-Requests: 1


[9] [127.0.0.1:54346]
GET /style_index.css HTTP/1.1
Host: www.site1.fr:8080
User-Agent: Mozilla/5.0 (X11; Linux x86_64; rv:102.0) Gecko/20100101 Firefox/102.0
Accept: text/css,*/*;q=0.1
Accept-Language: en-US,en;q=0.5
Accept-Encoding: gzip, deflate
Connection: keep-alive
Referer: http://www.site1.fr:8080/


[8] [127.0.0.1:54354]
GET /img%201.png HTTP/1.1
Host: www.site1.fr:8080
User-Agent: Mozilla/5.0 (X11; Linux x86_64; rv:102.0) Gecko/20100101 Firefox/102.0
Accept: image/avif,image/webp,*/*
Accept-Language: en-US,en;q=0.5
Accept-Encoding: gzip, deflate
Connection: keep-alive
Referer: http://www.site1.fr:8080/


[8] [127.0.0.1:54354]
GET /wallp_black.jpg HTTP/1.1
Host: www.site1.fr:8080
User-Agent: Mozilla/5.0 (X11; Linux x86_64; rv:102.0) Gecko/20100101 Firefox/102.0
Accept: image/avif,image/webp,*/*
Accept-Language: en-US,en;q=0.5
Accept-Encoding: gzip, deflate
Connection: keep-alive
Referer: http://www.site1.fr:8080/style_index.css


[9] [127.0.0.1:50508]
GET / HTTP/1.1
Host: www.site1.fr:8080
User-Agent: Mozilla/5.0 (X11; Linux x86_64; rv:102.0) Gecko/20100101 Firefox/102.0
Accept: text/html,application/xhtml+xml,application/xml;q=0.9,image/avif,image/webp,*/*;q=0.8
Accept-Language: en-US,en;q=0.5
Accept-Encoding: gzip, deflate
Referer: http://www.site2.fr:8080/
Connection: keep-alive
Upgrade-Insecure-Requests: 1


[9] [127.0.0.1:50508]
GET /style_index.css HTTP/1.1
Host: www.site1.fr:8080
User-Agent: Mozilla/5.0 (X11; Linux x86_64; rv:102.0) Gecko/20100101 Firefox/102.0
Accept: text/css,*/*;q=0.1
Accept-Language: en-US,en;q=0.5
Accept-Encoding: gzip, deflate
Connection: keep-alive
Referer: http://www.site1.fr:8080/


[8] [127.0.0.1:50516]
GET /img%201.png HTTP/1.1
Host: www.site1.fr:8080
User-Agent: Mozilla/5.0 (X11; Linux x86_64; rv:102.0) Gecko/20100101 Firefox/102.0
Accept: image/avif,image/webp,*/*
Accept-Language: en-US,en;q=0.5
Accept-Encoding: gzip, deflate
Connection: keep-alive
Referer: http://www.site1.fr:8080/


[8] [127.0.0.1:50516]
GET /wallp_black.jpg HTTP/1.1
Host: www.site1.fr:8080
User-Agent: Mozilla/5.0 (X11; Linux x86_64; rv:102.0) Gecko/20100101 Firefox/102.0
Accept: image/avif,image/webp,*/*
Accept-Language: en-US,en;q=0.5
Accept-Encoding: gzip, deflate
Connection: keep-alive
Referer: http://www.site1.fr:8080/style_index.css


[8] [127.0.0.1:50516]
GET /page1.html HTTP/1.1
Host: www.site1.fr:8080
User-Agent: Mozilla/5.0 (X11; Linux x86_64; rv:102.0) Gecko/20100101 Firefox/102.0
Accept: text/html,application/xhtml+xml,application/xml;q=0.9,image/avif,image/webp,*/*;q=0.8
Accept-Language: en-US,en;q=0.5
Accept-Encoding: gzip, deflate
Connection: keep-alive
Referer: http://www.site1.fr:8080/
Upgrade-Insecure-Requests: 1


[8] [127.0.0.1:50516]
GET /style_index.css HTTP/1.1
Host: www.site1.fr:8080
User-Agent: Mozilla/5.0 (X11; Linux x86_64; rv:102.0) Gecko/20100101 Firefox/102.0
Accept: text/css,*/*;q=0.1
Accept-Language: en-US,en;q=0.5
Accept-Encoding: gzip, deflate
Connection: keep-alive
Referer: http://www.site1.fr:8080/page1.html


[9] [127.0.0.1:50508]
GET /guess.js HTTP/1.1
Host: www.site1.fr:8080
User-Agent: Mozilla/5.0 (X11; Linux x86_64; rv:102.0) Gecko/20100101 Firefox/102.0
Accept: */*
Accept-Language: en-US,en;q=0.5
Accept-Encoding: gzip, deflate
Connection: keep-alive
Referer: http://www.site1.fr:8080/page1.html


[8] [127.0.0.1:50516]
GET /wallp_black.jpg HTTP/1.1
Host: www.site1.fr:8080
User-Agent: Mozilla/5.0 (X11; Linux x86_64; rv:102.0) Gecko/20100101 Firefox/102.0
Accept: image/avif,image/webp,*/*
Accept-Language: en-US,en;q=0.5
Accept-Encoding: gzip, deflate
Connection: keep-alive
Referer: http://www.site1.fr:8080/style_index.css


[8] [127.0.0.1:50516]
GET /formulaire.html HTTP/1.1
Host: www.site1.fr:8080
User-Agent: Mozilla/5.0 (X11; Linux x86_64; rv:102.0) Gecko/20100101 Firefox/102.0
Accept: text/html,application/xhtml+xml,application/xml;q=0.9,image/avif,image/webp,*/*;q=0.8
Accept-Language: en-US,en;q=0.5
Accept-Encoding: gzip, deflate
Connection: keep-alive
Referer: http://www.site1.fr:8080/page1.html
Upgrade-Insecure-Requests: 1


[8] [127.0.0.1:50516]
GET /style_index.css HTTP/1.1
Host: www.site1.fr:8080
User-Agent: Mozilla/5.0 (X11; Linux x86_64; rv:102.0) Gecko/20100101 Firefox/102.0
Accept: text/css,*/*;q=0.1
Accept-Language: en-US,en;q=0.5
Accept-Encoding: gzip, deflate
Connection: keep-alive
Referer: http://www.site1.fr:8080/formulaire.html


[8] [127.0.0.1:50516]
GET /wallp_black.jpg HTTP/1.1
Host: www.site1.fr:8080
User-Agent: Mozilla/5.0 (X11; Linux x86_64; rv:102.0) Gecko/20100101 Firefox/102.0
Accept: image/avif,image/webp,*/*
Accept-Language: en-US,en;q=0.5
Accept-Encoding: gzip, deflate
Connection: keep-alive
Referer: http://www.site1.fr:8080/style_index.css


